<?xml version="1.0" encoding="UTF-8"?>
<!-- Generated by org.testng.reporters.JUnitReportReporter -->
<testsuite hostname="Kiran-PC" failures="0" tests="1" name="FIS" time="4.611" errors="0" timestamp="2025-01-21T11:55:05 IST" skipped="0">
  <testcase classname="FIS" name="FIS_Test" time="4.611"/>
</testsuite> <!-- FIS -->
